{"C:\\Users\\vitor\\OneDrive\\Documentos\\lab03\\lab03_01\\src\\hello_worls.ts": {"path":"C:\\Users\\vitor\\OneDrive\\Documentos\\lab03\\lab03_01\\src\\hello_worls.ts","statementMap":{"0":{"start":{"line":2,"column":17},"end":{"line":2,"column":24}},"1":{"start":{"line":6,"column":3},"end":{"line":8,"column":4}},"2":{"start":{"line":7,"column":7},"end":{"line":7,"column":31}},"3":{"start":{"line":9,"column":3},"end":{"line":9,"column":28}},"4":{"start":{"line":5,"column":0},"end":{"line":5,"column":16}}},"fnMap":{"0":{"name":"hello","decl":{"start":{"line":5,"column":16},"end":{"line":5,"column":21}},"loc":{"start":{"line":5,"column":46},"end":{"line":10,"column":1}}}},"branchMap":{"0":{"loc":{"start":{"line":5,"column":22},"end":{"line":5,"column":46}},"type":"default-arg","locations":[{"start":{"line":5,"column":38},"end":{"line":5,"column":46}}]},"1":{"loc":{"start":{"line":6,"column":3},"end":{"line":8,"column":4}},"type":"if","locations":[{"start":{"line":6,"column":3},"end":{"line":8,"column":4}}]}},"s":{"0":1,"1":1,"2":0,"3":1,"4":1},"f":{"0":1},"b":{"0":[1],"1":[0]}}
}
